2018-04-28 18:40:27.8943 INFO LoginController::Login
2018-04-28 18:40:27.9404 INFO SecurityService::Authenticate -- Entering
2018-04-28 18:40:27.9404 INFO SecurityService::Authenticate -- Exiting
2018-04-28 18:40:27.9404 INFO SecurityService::InvalidParams -- Entering
2018-04-28 18:40:27.9404 INFO SecurityService::InvalidParams -- Exiting
2018-04-28 18:40:27.9404 INFO SecurityDAO::FindByUser -- Entering
2018-04-28 18:40:32.2521 INFO SecurityDAO::FindByUser -- Exiting successfully
2018-04-28 18:42:07.2395 INFO LoginController::Login
2018-04-28 18:42:07.2796 INFO SecurityService::Authenticate -- Entering
2018-04-28 18:42:07.2836 INFO SecurityService::Authenticate -- Exiting
2018-04-28 18:42:07.2836 INFO SecurityService::InvalidParams -- Entering
2018-04-28 18:42:07.2836 INFO SecurityService::InvalidParams -- Exiting
2018-04-28 18:42:07.3067 INFO SecurityDAO::FindByUser -- Entering
2018-04-28 18:42:07.3367 INFO SecurityDAO::FindByUser -- Exiting successfully
2018-04-28 21:22:32.4516 INFO LoginController::Login
2018-04-28 21:22:36.6624 INFO LoginController::Login
2018-04-28 21:22:36.6624 INFO SecurityService::Authenticate -- Entering
2018-04-28 21:22:36.6624 INFO SecurityService::Authenticate -- Exiting
2018-04-28 21:22:36.6755 INFO SecurityService::InvalidParams -- Entering
2018-04-28 21:22:36.6755 INFO SecurityService::InvalidParams -- Exiting
2018-04-28 21:22:36.6755 INFO SecurityDAO::FindByUser -- Entering
2018-04-28 21:22:40.0342 INFO SecurityDAO::FindByUser -- Exiting successfully
2018-04-28 21:22:45.9423 INFO -> SecurityFilter.OnAuthorization()
2018-04-28 21:22:45.9423 INFO -> Game.Index()
2018-04-28 21:22:48.6044 INFO -> SecurityFilter.OnAuthorization()
2018-04-28 21:22:48.6044 INFO -> Game.Select(small)
2018-04-28 21:22:50.3098 INFO -> SecurityFilter.OnAuthorization()
2018-04-28 21:22:50.3098 INFO -> Game.Play(0, 0,0)
2018-04-28 21:22:51.4816 INFO -> SecurityFilter.OnAuthorization()
2018-04-28 21:22:51.4816 INFO -> Game.Play(1, 0,8)
2018-04-28 21:22:52.9316 INFO -> SecurityFilter.OnAuthorization()
2018-04-28 21:22:52.9316 INFO -> Game.Play(2, 0,2)
2018-04-28 21:22:52.9316 INFO -> Game.SaveGameState()
2018-04-28 21:22:55.4997 INFO -> SecurityFilter.OnAuthorization()
2018-04-28 21:22:55.5017 INFO -> Game.Index()
2018-04-28 21:22:58.1317 INFO -> SecurityFilter.OnAuthorization()
2018-04-28 21:22:58.1317 INFO -> Game.Select(medium)
2018-04-28 21:22:58.9920 INFO -> SecurityFilter.OnAuthorization()
2018-04-28 21:22:58.9920 INFO -> Game.Play(0, 7,3)
2018-04-28 21:22:59.5570 INFO -> SecurityFilter.OnAuthorization()
2018-04-28 21:22:59.5570 INFO -> Game.Play(0, 3,9)
2018-04-28 21:23:00.0452 INFO -> SecurityFilter.OnAuthorization()
2018-04-28 21:23:00.0452 INFO -> Game.Play(0, 0,3)
2018-04-28 21:23:01.7469 INFO -> SecurityFilter.OnAuthorization()
2018-04-28 21:23:01.7469 INFO -> Game.Index()
2018-04-28 21:23:02.8171 INFO -> SecurityFilter.OnAuthorization()
2018-04-28 21:23:02.8171 INFO -> Game.Select(medium)
2018-04-28 21:23:03.8024 INFO -> SecurityFilter.OnAuthorization()
2018-04-28 21:23:03.8024 INFO -> Game.Index()
2018-04-28 21:23:03.8024 INFO -> Game.SaveGameState()
2018-04-28 21:23:05.5321 INFO -> SecurityFilter.OnAuthorization()
2018-04-28 21:23:05.5330 INFO -> Game.Play(0, 9,7)
2018-04-28 21:23:06.2288 INFO -> SecurityFilter.OnAuthorization()
2018-04-28 21:23:06.2288 INFO -> Game.Index()
2018-04-28 21:23:06.2288 INFO -> Game.SaveGameState()
2018-04-28 21:23:08.3992 INFO -> SecurityFilter.OnAuthorization()
2018-04-28 21:23:08.3992 INFO -> Game.Index()
2018-04-28 21:23:09.9935 INFO -> SecurityFilter.OnAuthorization()
2018-04-28 21:23:09.9935 INFO -> Game.Select(large)
2018-04-28 21:23:11.0353 INFO -> SecurityFilter.OnAuthorization()
2018-04-28 21:23:11.0353 INFO -> Game.Play(0, 8,3)
2018-04-28 21:23:11.7622 INFO -> SecurityFilter.OnAuthorization()
2018-04-28 21:23:11.7622 INFO -> Game.Play(0, 2,9)
2018-04-28 21:23:13.5028 INFO -> SecurityFilter.OnAuthorization()
2018-04-28 21:23:13.5028 INFO -> Game.Play(2, 3,15)
2018-04-28 21:23:13.5028 INFO -> Game.SaveGameState()
2018-04-28 21:23:14.0944 INFO -> SecurityFilter.OnAuthorization()
2018-04-28 21:23:14.0964 INFO -> Game.Play(2, 12,2)
2018-04-28 21:23:14.6529 INFO -> SecurityFilter.OnAuthorization()
2018-04-28 21:23:14.6529 INFO -> Game.Play(3, 4,1)
2018-04-28 21:23:15.2906 INFO -> SecurityFilter.OnAuthorization()
2018-04-28 21:23:15.2906 INFO -> Game.Play(4, 0,1)
2018-04-28 21:23:15.2906 INFO -> Game.SaveGameState()
2018-04-28 21:23:16.3026 INFO -> SecurityFilter.OnAuthorization()
2018-04-28 21:23:16.3026 INFO -> Game.Play(5, 13,15)
2018-04-28 21:23:17.3208 INFO -> SecurityFilter.OnAuthorization()
2018-04-28 21:23:17.3208 INFO -> Game.Play(6, 0,14)
2018-04-28 21:23:18.4959 INFO -> SecurityFilter.OnAuthorization()
2018-04-28 21:23:18.4959 INFO -> Game.Play(7, 15,3)
2018-04-28 21:23:18.4959 INFO -> Game.SaveGameState()
2018-04-28 21:23:19.0113 INFO -> SecurityFilter.OnAuthorization()
2018-04-28 21:23:19.0113 INFO -> Game.Play(7, 14,8)
2018-04-28 21:23:19.5589 INFO -> SecurityFilter.OnAuthorization()
2018-04-28 21:23:19.5589 INFO -> Game.Play(8, 9,10)
2018-04-28 21:23:20.1344 INFO -> SecurityFilter.OnAuthorization()
2018-04-28 21:23:20.1344 INFO -> Game.Play(8, 8,14)
2018-04-28 21:23:20.1434 INFO -> Game.SaveGameState()
2018-04-28 21:23:20.7761 INFO -> SecurityFilter.OnAuthorization()
2018-04-28 21:23:20.7761 INFO -> Game.Play(9, 5,6)
2018-04-28 21:23:21.2764 INFO -> SecurityFilter.OnAuthorization()
2018-04-28 21:23:21.2764 INFO -> Game.Play(10, 4,3)
2018-04-28 21:23:23.3429 INFO -> SecurityFilter.OnAuthorization()
2018-04-28 21:23:23.3429 INFO -> Game.Index()
2018-04-28 21:23:24.6523 INFO -> SecurityFilter.OnAuthorization()
2018-04-28 21:23:24.6523 INFO -> Game.LoadGame(11003
2018-04-28 21:23:26.3769 INFO -> SecurityFilter.OnAuthorization()
2018-04-28 21:23:26.3769 INFO -> Game.Play(0, 0,6)
2018-04-28 21:23:27.6573 INFO -> SecurityFilter.OnAuthorization()
2018-04-28 21:23:27.6593 INFO -> Game.Play(3, 1,5)
2018-04-28 21:23:28.0262 INFO -> SecurityFilter.OnAuthorization()
2018-04-28 21:23:28.0262 INFO -> Game.Play(3, 0,5)
2018-04-28 21:23:28.0262 INFO -> Game.SaveGameState()
2018-04-28 21:23:28.6339 INFO -> SecurityFilter.OnAuthorization()
2018-04-28 21:23:28.6339 INFO -> Game.Play(4, 0,4)
2018-04-28 21:23:31.9395 INFO -> SecurityFilter.OnAuthorization()
2018-04-28 21:23:31.9395 INFO -> Game.Play(7, 3,0)
2018-04-28 21:23:33.2994 INFO -> SecurityFilter.OnAuthorization()
2018-04-28 21:23:33.2994 INFO -> Game.Play(8, 5,0)
2018-04-28 21:23:33.2994 INFO -> Game.SaveGameState()
2018-04-28 21:23:34.7543 INFO -> SecurityFilter.OnAuthorization()
2018-04-28 21:23:34.7543 INFO -> Game.Play(10, 6,6)
2018-04-28 21:23:38.7409 INFO -> SecurityFilter.OnAuthorization()
2018-04-28 21:23:38.7409 INFO -> Game.Play(14, 3,7)
2018-04-28 21:23:39.4478 INFO -> SecurityFilter.OnAuthorization()
2018-04-28 21:23:39.4478 INFO -> Game.Play(15, 4,7)
2018-04-28 21:23:39.4478 INFO -> Game.SaveGameState()
2018-04-28 21:23:42.9849 INFO -> SecurityFilter.OnAuthorization()
2018-04-28 21:23:42.9869 INFO -> Game.Play(18, 4,8)
2018-04-28 21:23:44.5804 INFO -> SecurityFilter.OnAuthorization()
2018-04-28 21:23:44.5804 INFO -> Game.Play(20, 5,8)
2018-04-28 21:23:48.4139 INFO -> SecurityFilter.OnAuthorization()
2018-04-28 21:23:48.4139 INFO -> Game.Play(24, 8,5)
2018-04-28 21:23:48.4139 INFO -> Game.SaveGameState()
2018-04-28 21:23:58.7983 INFO -> SecurityFilter.OnAuthorization()
2018-04-28 21:23:58.7993 INFO -> Game.Play(34, 7,7)
2018-04-28 21:24:01.0127 INFO -> SecurityFilter.OnAuthorization()
2018-04-28 21:24:01.0127 INFO -> Game.Play(36, 6,8)
2018-04-28 21:24:05.9446 INFO LoginController::Logout
